<?xml version="1.0" encoding="UTF-8"?>
<!-- Generated by org.testng.reporters.JUnitReportReporter -->
<testsuite hostname="LAPTOP-GKELI512" failures="0" tests="10" name="Testpkg.Testqa" time="6.955" errors="0" timestamp="2024-11-06T09:59:27 IST" skipped="0">
  <testcase classname="Testpkg.Testqa" name="test5" time="0.394"/>
  <system-out/>
  <testcase classname="Testpkg.Testqa" name="test10" time="0.334"/>
  <system-out/>
  <testcase classname="Testpkg.Testqa" name="test3" time="0.671"/>
  <system-out/>
  <testcase classname="Testpkg.Testqa" name="test4" time="0.350"/>
  <system-out/>
  <testcase classname="Testpkg.Testqa" name="test9" time="1.854"/>
  <system-out/>
  <testcase classname="Testpkg.Testqa" name="test1" time="0.096"/>
  <system-out/>
  <testcase classname="Testpkg.Testqa" name="test6" time="0.755"/>
  <system-out/>
  <testcase classname="Testpkg.Testqa" name="test7" time="0.927"/>
  <system-out/>
  <testcase classname="Testpkg.Testqa" name="test2" time="1.198"/>
  <system-out/>
  <testcase classname="Testpkg.Testqa" name="test8" time="0.376"/>
  <system-out/>
</testsuite> <!-- Testpkg.Testqa -->
